<?xml version="1.0" encoding="UTF-8"?>
<!-- Generated by org.testng.reporters.JUnitReportReporter -->
<testsuite hostname="DESKTOP-90CE8IP" failures="0" tests="1" name="com.akshar.testcases.LoginTest" time="2.274" errors="0" timestamp="2022-10-21T20:21:16 IST" skipped="0">
  <testcase classname="com.akshar.testcases.LoginTest" name="LoginTest" time="2.274"/>
  <system-out/>
</testsuite> <!-- com.akshar.testcases.LoginTest -->
