<?xml version="1.0" encoding="UTF-8"?>
<!-- Generated by org.testng.reporters.JUnitReportReporter -->
<testsuite skipped="0" hostname="DESKTOP-90CE8IP" name="com.akshar.testcases.CreateAccountTest" tests="1" failures="0" timestamp="2022-10-07T12:00:05 IST" time="17.126" errors="0">
  <testcase name="createAccountTest" time="17.126" classname="com.akshar.testcases.CreateAccountTest"/>
  <system-out/>
</testsuite> <!-- com.akshar.testcases.CreateAccountTest -->
