<?xml version="1.0" encoding="UTF-8"?>
<!-- Generated by org.testng.reporters.JUnitReportReporter -->
<testsuite skipped="0" hostname="DESKTOP-90CE8IP" name="com.akshar.testcases.LoginTest" tests="1" failures="0" timestamp="2022-10-07T12:00:05 IST" time="1.647" errors="0">
  <testcase name="LoginTest" time="1.647" classname="com.akshar.testcases.LoginTest"/>
  <system-out/>
</testsuite> <!-- com.akshar.testcases.LoginTest -->
